Determining if the pthread_create exist failed with the following output:
Change Dir: /home/Kim.He/mdpro/QCS40X_WS/LE.UM.4.1.2/apps_proc/poky/meta-ark/recipes-multimedia/spr_client/files/build/CMakeFiles/CMakeTmp

Run Build Command:"/usr/bin/make" "cmTC_25f9c/fast"
/usr/bin/make -f CMakeFiles/cmTC_25f9c.dir/build.make CMakeFiles/cmTC_25f9c.dir/build
make[1]: Entering directory '/home/Kim.He/mdpro/QCS40X_WS/LE.UM.4.1.2/apps_proc/poky/meta-ark/recipes-multimedia/spr_client/files/build/CMakeFiles/CMakeTmp'
Building C object CMakeFiles/cmTC_25f9c.dir/CheckSymbolExists.c.o
/usr/bin/cc     -o CMakeFiles/cmTC_25f9c.dir/CheckSymbolExists.c.o   -c /home/Kim.He/mdpro/QCS40X_WS/LE.UM.4.1.2/apps_proc/poky/meta-ark/recipes-multimedia/spr_client/files/build/CMakeFiles/CMakeTmp/CheckSymbolExists.c
Linking C executable cmTC_25f9c
/usr/bin/cmake -E cmake_link_script CMakeFiles/cmTC_25f9c.dir/link.txt --verbose=1
/usr/bin/cc       CMakeFiles/cmTC_25f9c.dir/CheckSymbolExists.c.o  -o cmTC_25f9c -rdynamic 
CMakeFiles/cmTC_25f9c.dir/CheckSymbolExists.c.o: In function `main':
CheckSymbolExists.c:(.text+0x16): undefined reference to `pthread_create'
collect2: error: ld returned 1 exit status
CMakeFiles/cmTC_25f9c.dir/build.make:97: recipe for target 'cmTC_25f9c' failed
make[1]: *** [cmTC_25f9c] Error 1
make[1]: Leaving directory '/home/Kim.He/mdpro/QCS40X_WS/LE.UM.4.1.2/apps_proc/poky/meta-ark/recipes-multimedia/spr_client/files/build/CMakeFiles/CMakeTmp'
Makefile:126: recipe for target 'cmTC_25f9c/fast' failed
make: *** [cmTC_25f9c/fast] Error 2

File /home/Kim.He/mdpro/QCS40X_WS/LE.UM.4.1.2/apps_proc/poky/meta-ark/recipes-multimedia/spr_client/files/build/CMakeFiles/CMakeTmp/CheckSymbolExists.c:
/* */
#include <pthread.h>

int main(int argc, char** argv)
{
  (void)argv;
#ifndef pthread_create
  return ((int*)(&pthread_create))[argc];
#else
  (void)argc;
  return 0;
#endif
}

Determining if the function pthread_create exists in the pthreads failed with the following output:
Change Dir: /home/Kim.He/mdpro/QCS40X_WS/LE.UM.4.1.2/apps_proc/poky/meta-ark/recipes-multimedia/spr_client/files/build/CMakeFiles/CMakeTmp

Run Build Command:"/usr/bin/make" "cmTC_24b00/fast"
/usr/bin/make -f CMakeFiles/cmTC_24b00.dir/build.make CMakeFiles/cmTC_24b00.dir/build
make[1]: Entering directory '/home/Kim.He/mdpro/QCS40X_WS/LE.UM.4.1.2/apps_proc/poky/meta-ark/recipes-multimedia/spr_client/files/build/CMakeFiles/CMakeTmp'
Building C object CMakeFiles/cmTC_24b00.dir/CheckFunctionExists.c.o
/usr/bin/cc    -DCHECK_FUNCTION_EXISTS=pthread_create   -o CMakeFiles/cmTC_24b00.dir/CheckFunctionExists.c.o   -c /usr/share/cmake-3.5/Modules/CheckFunctionExists.c
Linking C executable cmTC_24b00
/usr/bin/cmake -E cmake_link_script CMakeFiles/cmTC_24b00.dir/link.txt --verbose=1
/usr/bin/cc   -DCHECK_FUNCTION_EXISTS=pthread_create    CMakeFiles/cmTC_24b00.dir/CheckFunctionExists.c.o  -o cmTC_24b00 -rdynamic -lpthreads 
/usr/bin/ld: cannot find -lpthreads
collect2: error: ld returned 1 exit status
CMakeFiles/cmTC_24b00.dir/build.make:97: recipe for target 'cmTC_24b00' failed
make[1]: *** [cmTC_24b00] Error 1
make[1]: Leaving directory '/home/Kim.He/mdpro/QCS40X_WS/LE.UM.4.1.2/apps_proc/poky/meta-ark/recipes-multimedia/spr_client/files/build/CMakeFiles/CMakeTmp'
Makefile:126: recipe for target 'cmTC_24b00/fast' failed
make: *** [cmTC_24b00/fast] Error 2


